::ffff:127.0.0.1 - - [22/Jan/2022:22:43:02 +0000] "GET /api/commande/ HTTP/1.1" 200 653
::ffff:127.0.0.1 - - [22/Jan/2022:22:44:05 +0000] "GET /api/prime/ HTTP/1.1" 200 808
::ffff:127.0.0.1 - - [24/Jan/2022:08:16:18 +0000] "GET /api/prime/ HTTP/1.1" 200 808
::1 - - [27/Jan/2022:08:24:46 +0000] "GET /api/commande/ HTTP/1.1" 200 449
::1 - - [27/Jan/2022:08:24:59 +0000] "GET /api/commande/ HTTP/1.1" 304 -
::1 - - [27/Jan/2022:08:25:52 +0000] "GET /api/commande/ HTTP/1.1" 304 -
::1 - - [27/Jan/2022:08:26:03 +0000] "GET /api/commande/ HTTP/1.1" 304 -
::1 - - [27/Jan/2022:08:26:07 +0000] "GET /api/commande/ HTTP/1.1" 304 -
::1 - - [27/Jan/2022:08:26:12 +0000] "GET /api/commande/ HTTP/1.1" 304 -
::1 - - [27/Jan/2022:08:26:18 +0000] "GET /api/commande/ HTTP/1.1" 304 -
::1 - - [27/Jan/2022:08:26:22 +0000] "GET /api/commande/ HTTP/1.1" 304 -
::1 - - [27/Jan/2022:08:26:32 +0000] "GET /api/commande/ HTTP/1.1" 304 -
::1 - - [27/Jan/2022:08:26:36 +0000] "GET /api/commande/ HTTP/1.1" 304 -
::1 - - [27/Jan/2022:08:26:48 +0000] "GET /api/commande/ HTTP/1.1" 304 -
::1 - - [27/Jan/2022:08:26:53 +0000] "GET /api/commande/ HTTP/1.1" 304 -
::1 - - [27/Jan/2022:08:27:00 +0000] "GET /api/commande/ HTTP/1.1" 304 -
::1 - - [27/Jan/2022:08:27:19 +0000] "GET /api/commande/ HTTP/1.1" 304 -
::1 - - [27/Jan/2022:08:27:27 +0000] "GET /api/commande/ HTTP/1.1" 304 -
::1 - - [27/Jan/2022:08:27:37 +0000] "GET /api/commande/ HTTP/1.1" 304 -
::1 - - [27/Jan/2022:08:27:44 +0000] "GET /api/commande/ HTTP/1.1" 304 -
::1 - - [27/Jan/2022:08:27:54 +0000] "GET /api/commande/ HTTP/1.1" 304 -
::1 - - [27/Jan/2022:08:28:42 +0000] "GET /api/commande/ HTTP/1.1" 304 -
::1 - - [27/Jan/2022:08:28:51 +0000] "GET /api/commande/ HTTP/1.1" 304 -
::ffff:127.0.0.1 - - [27/Jan/2022:08:30:51 +0000] "GET /api/commande/ HTTP/1.1" 200 449
::ffff:127.0.0.1 - - [27/Jan/2022:08:32:45 +0000] "GET /api/commande/ HTTP/1.1" 200 449
::ffff:127.0.0.1 - - [27/Jan/2022:08:32:46 +0000] "GET /api/commande/ HTTP/1.1" 200 449
::ffff:127.0.0.1 - - [27/Jan/2022:08:35:23 +0000] "GET /api/commande/ HTTP/1.1" 200 449
::ffff:127.0.0.1 - - [27/Jan/2022:08:35:24 +0000] "GET /api/commande/ HTTP/1.1" 200 449
::ffff:127.0.0.1 - - [27/Jan/2022:08:35:48 +0000] "GET /api/commande/ HTTP/1.1" 200 447
::ffff:127.0.0.1 - - [27/Jan/2022:08:36:31 +0000] "GET /api/commande/ HTTP/1.1" 200 447
::ffff:127.0.0.1 - - [27/Jan/2022:08:37:15 +0000] "GET /api/commande/ HTTP/1.1" 200 617
::1 - - [27/Jan/2022:08:37:45 +0000] "GET /api/commande/ HTTP/1.1" 200 784
::1 - - [27/Jan/2022:08:40:05 +0000] "GET /api/commande/ HTTP/1.1" 304 -
::1 - - [27/Jan/2022:08:40:32 +0000] "GET /api/commande/ HTTP/1.1" 304 -
::1 - - [27/Jan/2022:08:40:34 +0000] "GET /api/commande/ HTTP/1.1" 304 -
::1 - - [27/Jan/2022:08:40:41 +0000] "GET /api/commande/ HTTP/1.1" 304 -
::1 - - [27/Jan/2022:08:40:48 +0000] "GET /api/commande/ HTTP/1.1" 304 -
::1 - - [27/Jan/2022:08:40:55 +0000] "GET /api/commande/ HTTP/1.1" 304 -
::1 - - [27/Jan/2022:08:40:58 +0000] "GET /api/commande/ HTTP/1.1" 304 -
::1 - - [27/Jan/2022:08:41:00 +0000] "GET /api/commande/ HTTP/1.1" 304 -
::1 - - [27/Jan/2022:08:41:04 +0000] "GET /api/commande/ HTTP/1.1" 304 -
::1 - - [27/Jan/2022:08:41:13 +0000] "GET /api/commande/ HTTP/1.1" 304 -
::1 - - [27/Jan/2022:08:41:17 +0000] "GET /api/commande/ HTTP/1.1" 304 -
::1 - - [27/Jan/2022:08:41:23 +0000] "GET /api/commande/ HTTP/1.1" 304 -
::1 - - [27/Jan/2022:08:41:31 +0000] "GET /api/commande/ HTTP/1.1" 304 -
::1 - - [27/Jan/2022:08:41:48 +0000] "GET /api/commande/ HTTP/1.1" 304 -
::1 - - [27/Jan/2022:08:41:53 +0000] "GET /api/commande/ HTTP/1.1" 304 -
::1 - - [27/Jan/2022:08:41:54 +0000] "GET /api/commande/ HTTP/1.1" 304 -
::1 - - [27/Jan/2022:08:42:05 +0000] "GET /api/commande/ HTTP/1.1" 304 -
::1 - - [27/Jan/2022:08:42:12 +0000] "GET /api/commande/ HTTP/1.1" 304 -
::1 - - [27/Jan/2022:08:42:13 +0000] "GET /api/commande/ HTTP/1.1" 304 -
::1 - - [27/Jan/2022:08:42:15 +0000] "GET /api/commande/ HTTP/1.1" 304 -
::1 - - [27/Jan/2022:08:42:20 +0000] "GET /api/commande/ HTTP/1.1" 304 -
::1 - - [27/Jan/2022:08:42:37 +0000] "GET /api/commande/ HTTP/1.1" 304 -
::1 - - [27/Jan/2022:08:42:45 +0000] "GET /api/commande/ HTTP/1.1" 304 -
::1 - - [27/Jan/2022:08:42:52 +0000] "GET /api/commande/ HTTP/1.1" 304 -
::1 - - [27/Jan/2022:08:43:01 +0000] "GET /api/commande/ HTTP/1.1" 304 -
::1 - - [27/Jan/2022:08:43:07 +0000] "GET /api/commande/ HTTP/1.1" 304 -
::1 - - [27/Jan/2022:08:43:09 +0000] "GET /api/commande/ HTTP/1.1" 304 -
::1 - - [27/Jan/2022:08:43:17 +0000] "GET /api/commande/ HTTP/1.1" 304 -
::1 - - [27/Jan/2022:08:43:21 +0000] "GET /api/commande/ HTTP/1.1" 304 -
::1 - - [27/Jan/2022:08:43:27 +0000] "GET /api/commande/ HTTP/1.1" 304 -
::1 - - [27/Jan/2022:08:43:30 +0000] "GET /api/commande/ HTTP/1.1" 304 -
::1 - - [27/Jan/2022:08:43:34 +0000] "GET /api/commande/ HTTP/1.1" 304 -
::1 - - [27/Jan/2022:08:43:47 +0000] "GET /api/commande/ HTTP/1.1" 304 -
::1 - - [27/Jan/2022:08:43:48 +0000] "GET /api/commande/ HTTP/1.1" 304 -
::1 - - [27/Jan/2022:08:43:57 +0000] "GET /api/commande/ HTTP/1.1" 304 -
::1 - - [27/Jan/2022:08:43:59 +0000] "GET /api/commande/ HTTP/1.1" 304 -
::1 - - [27/Jan/2022:08:48:46 +0000] "GET /api/commande/ HTTP/1.1" 304 -
::1 - - [27/Jan/2022:08:49:05 +0000] "GET /api/commande/ HTTP/1.1" 304 -
::1 - - [27/Jan/2022:08:50:45 +0000] "GET /api/commande/ HTTP/1.1" 304 -
::1 - - [27/Jan/2022:08:51:06 +0000] "GET /api/commande/ HTTP/1.1" 304 -
::1 - - [27/Jan/2022:08:51:09 +0000] "GET /api/commande/ HTTP/1.1" 304 -
::1 - - [27/Jan/2022:08:51:16 +0000] "GET /api/commande/ HTTP/1.1" 304 -
::1 - - [27/Jan/2022:08:51:19 +0000] "GET /api/commande/ HTTP/1.1" 304 -
::1 - - [27/Jan/2022:08:51:28 +0000] "GET /api/commande/ HTTP/1.1" 304 -
::1 - - [27/Jan/2022:08:51:32 +0000] "GET /api/commande/ HTTP/1.1" 304 -
::1 - - [27/Jan/2022:08:51:34 +0000] "GET /api/commande/ HTTP/1.1" 304 -
::1 - - [27/Jan/2022:08:51:51 +0000] "GET /api/commande/ HTTP/1.1" 304 -
::1 - - [27/Jan/2022:08:51:55 +0000] "GET /api/commande/ HTTP/1.1" 304 -
::1 - - [27/Jan/2022:08:52:02 +0000] "GET /api/commande/ HTTP/1.1" 304 -
::1 - - [27/Jan/2022:08:54:47 +0000] "GET /api/commande/ HTTP/1.1" 304 -
::1 - - [27/Jan/2022:09:00:55 +0000] "GET /api/commande/ HTTP/1.1" 304 -
::1 - - [27/Jan/2022:09:11:59 +0000] "GET /api/commande/ HTTP/1.1" 304 -
::1 - - [27/Jan/2022:09:12:17 +0000] "GET /api/commande/ HTTP/1.1" 304 -
::1 - - [27/Jan/2022:09:14:33 +0000] "GET /api/commande/ HTTP/1.1" 304 -
::1 - - [27/Jan/2022:09:14:51 +0000] "GET /api/commande/ HTTP/1.1" 304 -
::1 - - [27/Jan/2022:09:15:27 +0000] "GET /api/commande/ HTTP/1.1" 304 -
::1 - - [27/Jan/2022:09:15:57 +0000] "GET /api/commande/ HTTP/1.1" 304 -
::1 - - [27/Jan/2022:09:31:31 +0000] "GET /api/commande/ HTTP/1.1" 304 -
::1 - - [27/Jan/2022:10:13:04 +0000] "GET /api/prime/ HTTP/1.1" 200 969
::1 - - [27/Jan/2022:10:13:14 +0000] "GET /api/prime/ HTTP/1.1" 304 -
::1 - - [27/Jan/2022:10:13:21 +0000] "GET /api/prime/ HTTP/1.1" 304 -
::1 - - [27/Jan/2022:10:13:26 +0000] "GET /api/prime/ HTTP/1.1" 304 -
::1 - - [27/Jan/2022:10:13:37 +0000] "GET /api/prime/ HTTP/1.1" 304 -
::ffff:127.0.0.1 - - [27/Jan/2022:10:14:04 +0000] "GET /api/prime/ HTTP/1.1" 200 969
::1 - - [27/Jan/2022:10:14:41 +0000] "GET /api/prime/ HTTP/1.1" 304 -
::1 - - [27/Jan/2022:10:14:52 +0000] "GET /api/prime/ HTTP/1.1" 304 -
::1 - - [27/Jan/2022:10:15:02 +0000] "GET /api/prime/ HTTP/1.1" 304 -
::1 - - [27/Jan/2022:10:15:19 +0000] "GET /api/prime/ HTTP/1.1" 304 -
::1 - - [27/Jan/2022:10:15:23 +0000] "GET /api/prime/ HTTP/1.1" 304 -
::1 - - [27/Jan/2022:10:15:26 +0000] "GET /api/prime/ HTTP/1.1" 304 -
::1 - - [27/Jan/2022:10:15:46 +0000] "GET /api/prime/ HTTP/1.1" 304 -
::1 - - [27/Jan/2022:10:17:00 +0000] "GET /api/prime/ HTTP/1.1" 304 -
::1 - - [27/Jan/2022:10:17:33 +0000] "GET /api/prime/ HTTP/1.1" 304 -
::1 - - [27/Jan/2022:10:17:51 +0000] "GET /api/prime/ HTTP/1.1" 304 -
::ffff:127.0.0.1 - - [27/Jan/2022:10:19:08 +0000] "GET /api/prime/ HTTP/1.1" 200 2136
::ffff:127.0.0.1 - - [27/Jan/2022:10:20:24 +0000] "GET /api/prime/ HTTP/1.1" 200 969
::ffff:127.0.0.1 - - [27/Jan/2022:10:20:30 +0000] "GET /api/prime/ HTTP/1.1" 200 2136
::ffff:127.0.0.1 - - [27/Jan/2022:10:21:01 +0000] "GET /api/prime/ HTTP/1.1" 200 2136
::ffff:127.0.0.1 - - [27/Jan/2022:10:21:02 +0000] "GET /api/prime/ HTTP/1.1" 200 2136
::ffff:127.0.0.1 - - [27/Jan/2022:10:21:03 +0000] "GET /api/prime/ HTTP/1.1" 200 2136
::ffff:127.0.0.1 - - [27/Jan/2022:10:21:04 +0000] "GET /api/prime/ HTTP/1.1" 200 2136
::ffff:127.0.0.1 - - [27/Jan/2022:10:21:18 +0000] "GET /api/prime/ HTTP/1.1" 200 837
::ffff:127.0.0.1 - - [27/Jan/2022:10:21:20 +0000] "GET /api/prime/ HTTP/1.1" 200 837
::ffff:127.0.0.1 - - [27/Jan/2022:10:21:47 +0000] "GET /api/prime/ HTTP/1.1" 200 2268
::1 - - [27/Jan/2022:10:22:10 +0000] "GET /api/prime/ HTTP/1.1" 200 2268
::1 - - [27/Jan/2022:10:22:20 +0000] "GET /api/prime/ HTTP/1.1" 304 -
::1 - - [27/Jan/2022:10:22:46 +0000] "GET /api/prime/ HTTP/1.1" 304 -
::1 - - [27/Jan/2022:10:22:57 +0000] "GET /api/prime/ HTTP/1.1" 304 -
::1 - - [27/Jan/2022:10:23:48 +0000] "GET /api/prime/ HTTP/1.1" 304 -
::1 - - [27/Jan/2022:10:23:54 +0000] "GET /api/prime/ HTTP/1.1" 304 -
::1 - - [27/Jan/2022:10:23:55 +0000] "GET /api/prime/ HTTP/1.1" 304 -
::1 - - [27/Jan/2022:10:24:00 +0000] "GET /api/prime/ HTTP/1.1" 304 -
::1 - - [27/Jan/2022:10:24:08 +0000] "GET /api/prime/ HTTP/1.1" 304 -
::1 - - [27/Jan/2022:10:24:43 +0000] "GET /api/prime/ HTTP/1.1" 304 -
::1 - - [27/Jan/2022:10:24:45 +0000] "GET /api/prime/ HTTP/1.1" 304 -
::1 - - [27/Jan/2022:10:25:20 +0000] "GET /api/prime/ HTTP/1.1" 304 -
::1 - - [27/Jan/2022:10:25:25 +0000] "GET /api/prime/ HTTP/1.1" 304 -
::1 - - [27/Jan/2022:10:25:29 +0000] "GET /api/prime/ HTTP/1.1" 304 -
::1 - - [27/Jan/2022:10:30:13 +0000] "GET /api/commande/ HTTP/1.1" 304 -
::1 - - [27/Jan/2022:10:30:25 +0000] "GET /api/prime/ HTTP/1.1" 304 -
::1 - - [27/Jan/2022:10:30:27 +0000] "GET /api/prime/ HTTP/1.1" 304 -
::1 - - [27/Jan/2022:10:30:45 +0000] "GET /api/prime/ HTTP/1.1" 304 -
::1 - - [27/Jan/2022:10:30:52 +0000] "GET /api/commande/ HTTP/1.1" 304 -
::1 - - [27/Jan/2022:10:30:55 +0000] "GET /api/prime/ HTTP/1.1" 304 -
::1 - - [27/Jan/2022:10:54:42 +0000] "GET /api/commande/ HTTP/1.1" 304 -
::1 - - [27/Jan/2022:10:54:42 +0000] "GET /api/commande/ HTTP/1.1" 304 -
::1 - - [27/Jan/2022:10:54:56 +0000] "GET /api/commande/ HTTP/1.1" 304 -
::1 - - [27/Jan/2022:10:54:56 +0000] "GET /api/commande/ HTTP/1.1" 304 -
::1 - - [27/Jan/2022:10:55:36 +0000] "GET /api/commande/ HTTP/1.1" 304 -
::1 - - [27/Jan/2022:10:59:23 +0000] "GET /api/commande/ HTTP/1.1" 304 -
::1 - - [27/Jan/2022:10:59:39 +0000] "GET /api/commande/ HTTP/1.1" 304 -
::1 - - [27/Jan/2022:10:59:55 +0000] "GET /api/commande/ HTTP/1.1" 304 -
::1 - - [27/Jan/2022:11:00:02 +0000] "GET /api/commande/ HTTP/1.1" 304 -
::1 - - [27/Jan/2022:11:00:10 +0000] "GET /api/prime/ HTTP/1.1" 304 -
::1 - - [27/Jan/2022:12:55:19 +0000] "GET /api/commande/ HTTP/1.1" 304 -
::1 - - [27/Jan/2022:12:55:19 +0000] "GET /api/commande/ HTTP/1.1" 304 -
::1 - - [27/Jan/2022:13:12:57 +0000] "GET /api/commande/ HTTP/1.1" 304 -
::1 - - [27/Jan/2022:13:17:19 +0000] "GET /api/commande/ HTTP/1.1" 304 -
::1 - - [27/Jan/2022:13:17:19 +0000] "GET /api/commande/ HTTP/1.1" 304 -
::1 - - [27/Jan/2022:13:21:31 +0000] "GET /api/commande/ HTTP/1.1" 304 -
::1 - - [27/Jan/2022:13:21:31 +0000] "GET /api/commande/ HTTP/1.1" 304 -
::1 - - [27/Jan/2022:13:30:12 +0000] "GET /api/prime/ HTTP/1.1" 304 -
::1 - - [27/Jan/2022:13:31:09 +0000] "GET /api/prime/ HTTP/1.1" 304 -
::1 - - [27/Jan/2022:13:31:10 +0000] "GET /api/prime/ HTTP/1.1" 304 -
::1 - - [27/Jan/2022:13:31:10 +0000] "GET /api/prime/ HTTP/1.1" 304 -
::1 - - [27/Jan/2022:13:31:11 +0000] "GET /api/prime/ HTTP/1.1" 304 -
::1 - - [27/Jan/2022:13:31:37 +0000] "GET /api/prime/ HTTP/1.1" 304 -
::1 - - [27/Jan/2022:13:33:44 +0000] "GET /api/prime/ HTTP/1.1" 304 -
::1 - - [27/Jan/2022:13:33:56 +0000] "GET /api/prime/ HTTP/1.1" 304 -
::1 - - [27/Jan/2022:13:34:23 +0000] "GET /api/prime/ HTTP/1.1" 304 -
::1 - - [27/Jan/2022:13:34:23 +0000] "GET /api/prime/ HTTP/1.1" 304 -
::1 - - [27/Jan/2022:13:34:29 +0000] "GET /api/prime/ HTTP/1.1" 304 -
::1 - - [27/Jan/2022:13:34:41 +0000] "GET /api/prime/ HTTP/1.1" 304 -
::1 - - [27/Jan/2022:13:34:43 +0000] "GET /api/prime/ HTTP/1.1" 304 -
::1 - - [27/Jan/2022:13:34:43 +0000] "GET /api/commande/ HTTP/1.1" 304 -
::1 - - [27/Jan/2022:13:34:43 +0000] "GET /api/commande/ HTTP/1.1" 304 -
::1 - - [27/Jan/2022:13:35:07 +0000] "GET /api/prime/ HTTP/1.1" 304 -
::1 - - [27/Jan/2022:13:35:15 +0000] "GET /api/prime/ HTTP/1.1" 304 -
::1 - - [27/Jan/2022:13:35:36 +0000] "GET /api/prime/ HTTP/1.1" 304 -
::1 - - [27/Jan/2022:13:35:36 +0000] "GET /api/prime/ HTTP/1.1" 304 -
::1 - - [27/Jan/2022:13:35:36 +0000] "GET /api/prime/ HTTP/1.1" 304 -
::1 - - [27/Jan/2022:13:35:48 +0000] "GET /api/prime/ HTTP/1.1" 304 -
::1 - - [27/Jan/2022:13:36:03 +0000] "GET /api/prime/ HTTP/1.1" 304 -
::1 - - [27/Jan/2022:13:36:10 +0000] "GET /api/prime/ HTTP/1.1" 304 -
::1 - - [27/Jan/2022:13:36:40 +0000] "GET /api/prime/ HTTP/1.1" 304 -
::1 - - [27/Jan/2022:13:36:40 +0000] "GET /api/commande/ HTTP/1.1" 304 -
::1 - - [27/Jan/2022:13:36:40 +0000] "GET /api/commande/ HTTP/1.1" 304 -
::1 - - [27/Jan/2022:13:36:51 +0000] "GET /api/prime/ HTTP/1.1" 304 -
::1 - - [27/Jan/2022:13:37:10 +0000] "GET /api/prime/ HTTP/1.1" 304 -
::1 - - [27/Jan/2022:13:37:16 +0000] "GET /api/prime/ HTTP/1.1" 304 -
::1 - - [27/Jan/2022:13:37:17 +0000] "GET /api/prime/ HTTP/1.1" 304 -
::1 - - [27/Jan/2022:13:37:17 +0000] "GET /api/commande/ HTTP/1.1" 304 -
::1 - - [27/Jan/2022:13:37:17 +0000] "GET /api/commande/ HTTP/1.1" 304 -
::1 - - [27/Jan/2022:13:37:56 +0000] "GET /api/prime/ HTTP/1.1" 304 -
::1 - - [27/Jan/2022:13:37:58 +0000] "GET /api/commande/ HTTP/1.1" 304 -
::1 - - [27/Jan/2022:13:37:58 +0000] "GET /api/prime/ HTTP/1.1" 304 -
::1 - - [27/Jan/2022:13:38:13 +0000] "GET /api/commande/ HTTP/1.1" 304 -
::1 - - [27/Jan/2022:13:38:13 +0000] "GET /api/prime/ HTTP/1.1" 304 -
::1 - - [27/Jan/2022:13:38:13 +0000] "GET /api/commande/ HTTP/1.1" 304 -
::1 - - [27/Jan/2022:13:38:13 +0000] "GET /api/prime/ HTTP/1.1" 304 -
::1 - - [27/Jan/2022:13:38:26 +0000] "GET /api/commande/ HTTP/1.1" 304 -
::1 - - [27/Jan/2022:13:38:26 +0000] "GET /api/prime/ HTTP/1.1" 304 -
::1 - - [27/Jan/2022:13:38:32 +0000] "GET /api/commande/ HTTP/1.1" 304 -
::1 - - [27/Jan/2022:13:38:45 +0000] "GET /api/commande/ HTTP/1.1" 304 -
::1 - - [27/Jan/2022:13:38:45 +0000] "GET /api/commande/ HTTP/1.1" 304 -
::1 - - [27/Jan/2022:13:38:45 +0000] "GET /api/commande/ HTTP/1.1" 304 -
::1 - - [27/Jan/2022:13:39:17 +0000] "GET /api/commande/ HTTP/1.1" 304 -
::1 - - [27/Jan/2022:13:39:24 +0000] "GET /api/commande/ HTTP/1.1" 304 -
::1 - - [27/Jan/2022:13:39:24 +0000] "GET /api/commande/ HTTP/1.1" 304 -
::1 - - [27/Jan/2022:13:41:14 +0000] "GET /api/commande/ HTTP/1.1" 304 -
::1 - - [27/Jan/2022:13:41:14 +0000] "GET /api/prime/ HTTP/1.1" 304 -
::1 - - [27/Jan/2022:13:41:14 +0000] "GET /api/commande/ HTTP/1.1" 304 -
::1 - - [27/Jan/2022:13:41:14 +0000] "GET /api/prime/ HTTP/1.1" 304 -
::1 - - [27/Jan/2022:13:44:52 +0000] "GET /api/commande/ HTTP/1.1" 304 -
::1 - - [27/Jan/2022:13:44:52 +0000] "GET /api/prime/ HTTP/1.1" 304 -
::1 - - [27/Jan/2022:13:44:52 +0000] "GET /api/commande/ HTTP/1.1" 304 -
::1 - - [27/Jan/2022:13:44:52 +0000] "GET /api/prime/ HTTP/1.1" 304 -
::1 - - [27/Jan/2022:13:45:07 +0000] "GET /api/commande/ HTTP/1.1" 304 -
::1 - - [27/Jan/2022:13:45:07 +0000] "GET /api/prime/ HTTP/1.1" 304 -
::1 - - [27/Jan/2022:13:45:07 +0000] "GET /api/commande/ HTTP/1.1" 304 -
::1 - - [27/Jan/2022:13:45:07 +0000] "GET /api/prime/ HTTP/1.1" 304 -
::1 - - [27/Jan/2022:13:45:15 +0000] "GET /api/commande/ HTTP/1.1" 304 -
::1 - - [27/Jan/2022:13:45:15 +0000] "GET /api/prime/ HTTP/1.1" 304 -
::1 - - [27/Jan/2022:13:45:15 +0000] "GET /api/commande/ HTTP/1.1" 304 -
::1 - - [27/Jan/2022:13:45:15 +0000] "GET /api/prime/ HTTP/1.1" 304 -
::1 - - [27/Jan/2022:13:45:18 +0000] "GET /api/commande/ HTTP/1.1" 304 -
::1 - - [27/Jan/2022:13:45:18 +0000] "GET /api/prime/ HTTP/1.1" 304 -
::1 - - [27/Jan/2022:13:45:18 +0000] "GET /api/commande/ HTTP/1.1" 304 -
::1 - - [27/Jan/2022:13:45:18 +0000] "GET /api/prime/ HTTP/1.1" 304 -
::1 - - [27/Jan/2022:13:45:30 +0000] "GET /api/commande/ HTTP/1.1" 304 -
::1 - - [27/Jan/2022:13:45:30 +0000] "GET /api/prime/ HTTP/1.1" 304 -
::1 - - [27/Jan/2022:13:45:30 +0000] "GET /api/commande/ HTTP/1.1" 304 -
::1 - - [27/Jan/2022:13:45:30 +0000] "GET /api/prime/ HTTP/1.1" 304 -
::1 - - [27/Jan/2022:13:45:35 +0000] "GET /api/commande/ HTTP/1.1" 304 -
::1 - - [27/Jan/2022:13:45:35 +0000] "GET /api/prime/ HTTP/1.1" 304 -
::1 - - [27/Jan/2022:13:45:35 +0000] "GET /api/commande/ HTTP/1.1" 304 -
::1 - - [27/Jan/2022:13:45:35 +0000] "GET /api/prime/ HTTP/1.1" 304 -
::1 - - [27/Jan/2022:13:45:49 +0000] "GET /api/commande/ HTTP/1.1" 304 -
::1 - - [27/Jan/2022:13:45:49 +0000] "GET /api/prime/ HTTP/1.1" 304 -
::1 - - [27/Jan/2022:13:45:49 +0000] "GET /api/commande/ HTTP/1.1" 304 -
::1 - - [27/Jan/2022:13:45:49 +0000] "GET /api/prime/ HTTP/1.1" 304 -
::1 - - [27/Jan/2022:13:45:53 +0000] "GET /api/commande/ HTTP/1.1" 304 -
::1 - - [27/Jan/2022:13:45:53 +0000] "GET /api/prime/ HTTP/1.1" 304 -
::1 - - [27/Jan/2022:13:45:53 +0000] "GET /api/commande/ HTTP/1.1" 304 -
::1 - - [27/Jan/2022:13:45:53 +0000] "GET /api/prime/ HTTP/1.1" 304 -
::1 - - [27/Jan/2022:13:54:08 +0000] "GET /api/commande/ HTTP/1.1" 304 -
::1 - - [27/Jan/2022:13:54:08 +0000] "GET /api/prime/ HTTP/1.1" 304 -
::1 - - [27/Jan/2022:13:54:08 +0000] "GET /api/commande/ HTTP/1.1" 304 -
::1 - - [27/Jan/2022:13:54:08 +0000] "GET /api/prime/ HTTP/1.1" 304 -
::1 - - [27/Jan/2022:13:54:08 +0000] "GET /api/commande/ HTTP/1.1" 304 -
::1 - - [27/Jan/2022:13:54:08 +0000] "GET /api/commande/ HTTP/1.1" 304 -
::1 - - [27/Jan/2022:13:58:17 +0000] "GET /api/commande/ HTTP/1.1" 304 -
::1 - - [27/Jan/2022:13:58:17 +0000] "GET /api/commande/ HTTP/1.1" 304 -
::1 - - [27/Jan/2022:13:59:12 +0000] "GET /api/commande/ HTTP/1.1" 304 -
::1 - - [27/Jan/2022:13:59:12 +0000] "GET /api/commande/ HTTP/1.1" 304 -
::1 - - [27/Jan/2022:13:59:12 +0000] "GET /api/commande/ HTTP/1.1" 304 -
::1 - - [27/Jan/2022:13:59:12 +0000] "GET /api/commande/ HTTP/1.1" 304 -
::1 - - [27/Jan/2022:13:59:13 +0000] "GET /api/commande/ HTTP/1.1" 304 -
::1 - - [27/Jan/2022:13:59:13 +0000] "GET /api/commande/ HTTP/1.1" 304 -
::1 - - [27/Jan/2022:13:59:13 +0000] "GET /api/commande/ HTTP/1.1" 304 -
::1 - - [27/Jan/2022:13:59:13 +0000] "GET /api/commande/ HTTP/1.1" 304 -
::1 - - [27/Jan/2022:14:11:46 +0000] "GET /api/commande/ HTTP/1.1" 304 -
::1 - - [27/Jan/2022:14:11:46 +0000] "GET /api/commande/ HTTP/1.1" 304 -
::1 - - [27/Jan/2022:14:11:46 +0000] "GET /api/commande/ HTTP/1.1" 304 -
::1 - - [27/Jan/2022:14:11:46 +0000] "GET /api/commande/ HTTP/1.1" 304 -
::1 - - [27/Jan/2022:14:13:24 +0000] "GET /api/commande/ HTTP/1.1" 304 -
::1 - - [27/Jan/2022:14:13:24 +0000] "GET /api/commande/ HTTP/1.1" 304 -
::1 - - [27/Jan/2022:14:13:24 +0000] "GET /api/commande/ HTTP/1.1" 304 -
::1 - - [27/Jan/2022:14:13:24 +0000] "GET /api/commande/ HTTP/1.1" 304 -
::1 - - [27/Jan/2022:14:14:06 +0000] "GET /api/commande/ HTTP/1.1" 200 991
::1 - - [27/Jan/2022:14:14:06 +0000] "GET /api/commande/ HTTP/1.1" 304 -
::1 - - [27/Jan/2022:14:14:06 +0000] "GET /api/commande/ HTTP/1.1" 304 -
::1 - - [27/Jan/2022:14:14:06 +0000] "GET /api/commande/ HTTP/1.1" 304 -
::1 - - [27/Jan/2022:14:14:23 +0000] "GET /api/commande/ HTTP/1.1" 304 -
::1 - - [27/Jan/2022:14:14:23 +0000] "GET /api/commande/ HTTP/1.1" 304 -
::1 - - [27/Jan/2022:14:14:23 +0000] "GET /api/commande/ HTTP/1.1" 304 -
::1 - - [27/Jan/2022:14:14:23 +0000] "GET /api/commande/ HTTP/1.1" 304 -
::1 - - [27/Jan/2022:14:15:46 +0000] "GET /api/commande/ HTTP/1.1" 304 -
::1 - - [27/Jan/2022:14:15:46 +0000] "GET /api/commande/ HTTP/1.1" 304 -
::1 - - [27/Jan/2022:14:15:46 +0000] "GET /api/prime/ HTTP/1.1" 304 -
::1 - - [27/Jan/2022:14:15:46 +0000] "GET /api/commande/ HTTP/1.1" 304 -
::1 - - [27/Jan/2022:14:15:46 +0000] "GET /api/prime/ HTTP/1.1" 304 -
::1 - - [27/Jan/2022:14:15:46 +0000] "GET /api/commande/ HTTP/1.1" 304 -
::1 - - [27/Jan/2022:14:16:24 +0000] "GET /api/commande/ HTTP/1.1" 304 -
::1 - - [27/Jan/2022:14:16:24 +0000] "GET /api/commande/ HTTP/1.1" 304 -
::1 - - [27/Jan/2022:14:16:24 +0000] "GET /api/prime/ HTTP/1.1" 304 -
::1 - - [27/Jan/2022:14:16:24 +0000] "GET /api/commande/ HTTP/1.1" 304 -
::1 - - [27/Jan/2022:14:16:24 +0000] "GET /api/prime/ HTTP/1.1" 304 -
::1 - - [27/Jan/2022:14:16:24 +0000] "GET /api/commande/ HTTP/1.1" 304 -
::1 - - [27/Jan/2022:14:17:31 +0000] "GET /api/commande/ HTTP/1.1" 304 -
::1 - - [27/Jan/2022:14:17:31 +0000] "GET /api/commande/ HTTP/1.1" 304 -
::1 - - [27/Jan/2022:14:23:34 +0000] "GET /api/commande/ HTTP/1.1" 304 -
::1 - - [27/Jan/2022:14:23:34 +0000] "GET /api/commande/ HTTP/1.1" 304 -
::1 - - [27/Jan/2022:14:41:16 +0000] "GET /api/prime/ HTTP/1.1" 304 -
::1 - - [27/Jan/2022:14:41:16 +0000] "GET /api/prime/ HTTP/1.1" 304 -
::1 - - [27/Jan/2022:15:15:19 +0000] "GET /api/commande/ HTTP/1.1" 304 -
::1 - - [27/Jan/2022:15:15:29 +0000] "GET /api/commande/ HTTP/1.1" 304 -
::1 - - [27/Jan/2022:15:15:29 +0000] "GET /api/commande/ HTTP/1.1" 304 -
::1 - - [27/Jan/2022:15:16:59 +0000] "GET /api/commande/ HTTP/1.1" 304 -
::1 - - [27/Jan/2022:15:16:59 +0000] "GET /api/commande/ HTTP/1.1" 304 -
::1 - - [27/Jan/2022:15:17:00 +0000] "GET /api/commande/ HTTP/1.1" 304 -
::1 - - [27/Jan/2022:15:18:42 +0000] "GET /api/commande/ HTTP/1.1" 304 -
::1 - - [27/Jan/2022:15:18:42 +0000] "GET /api/commande/ HTTP/1.1" 304 -
::1 - - [27/Jan/2022:15:23:23 +0000] "GET /api/commande/ HTTP/1.1" 304 -
::1 - - [27/Jan/2022:15:23:23 +0000] "GET /api/commande/ HTTP/1.1" 304 -
::1 - - [27/Jan/2022:15:23:26 +0000] "GET /api/commande/ HTTP/1.1" 304 -
::1 - - [27/Jan/2022:15:24:30 +0000] "GET /api/commande/ HTTP/1.1" 304 -
::1 - - [27/Jan/2022:15:24:51 +0000] "GET /api/commande/ HTTP/1.1" 304 -
::1 - - [27/Jan/2022:15:26:51 +0000] "GET /api/commande/ HTTP/1.1" 304 -
::1 - - [27/Jan/2022:15:26:52 +0000] "GET /api/commande/ HTTP/1.1" 304 -
::1 - - [27/Jan/2022:15:27:03 +0000] "GET /api/prime/ HTTP/1.1" 304 -
::1 - - [27/Jan/2022:15:27:04 +0000] "GET /api/commande/ HTTP/1.1" 304 -
::1 - - [27/Jan/2022:15:27:04 +0000] "GET /api/commande/ HTTP/1.1" 304 -
::1 - - [27/Jan/2022:15:27:07 +0000] "GET /api/commande/ HTTP/1.1" 304 -
::1 - - [27/Jan/2022:15:27:11 +0000] "GET /api/commande/ HTTP/1.1" 304 -
::1 - - [27/Jan/2022:15:27:11 +0000] "GET /api/commande/ HTTP/1.1" 304 -
::1 - - [27/Jan/2022:15:27:22 +0000] "GET /api/commande/ HTTP/1.1" 304 -
::1 - - [27/Jan/2022:15:30:27 +0000] "GET /api/commande/ HTTP/1.1" 304 -
::1 - - [27/Jan/2022:15:30:27 +0000] "GET /api/commande/ HTTP/1.1" 304 -
::1 - - [27/Jan/2022:15:30:53 +0000] "GET /api/commande/ HTTP/1.1" 304 -
::1 - - [27/Jan/2022:15:30:53 +0000] "GET /api/commande/ HTTP/1.1" 304 -
::1 - - [27/Jan/2022:15:32:05 +0000] "GET /api/commande/ HTTP/1.1" 304 -
::1 - - [27/Jan/2022:15:32:05 +0000] "GET /api/commande/ HTTP/1.1" 304 -
::1 - - [27/Jan/2022:15:34:02 +0000] "GET /api/commande/ HTTP/1.1" 304 -
::1 - - [27/Jan/2022:15:34:02 +0000] "GET /api/commande/ HTTP/1.1" 304 -
::1 - - [27/Jan/2022:15:34:46 +0000] "GET /api/commande/ HTTP/1.1" 304 -
::1 - - [27/Jan/2022:15:34:46 +0000] "GET /api/commande/ HTTP/1.1" 304 -
::1 - - [27/Jan/2022:15:42:26 +0000] "GET /api/commande/ HTTP/1.1" 304 -
::1 - - [27/Jan/2022:15:47:54 +0000] "GET /api/commande/ HTTP/1.1" 304 -
::1 - - [27/Jan/2022:15:47:54 +0000] "GET /api/commande/ HTTP/1.1" 304 -
::1 - - [27/Jan/2022:15:50:18 +0000] "GET /api/commande/ HTTP/1.1" 304 -
::1 - - [27/Jan/2022:15:50:22 +0000] "GET /api/commande/ HTTP/1.1" 304 -
::1 - - [27/Jan/2022:15:50:22 +0000] "GET /api/commande/ HTTP/1.1" 304 -
::1 - - [27/Jan/2022:15:50:24 +0000] "GET /api/commande/ HTTP/1.1" 304 -
::1 - - [27/Jan/2022:15:51:28 +0000] "GET /api/commande/ HTTP/1.1" 304 -
::1 - - [27/Jan/2022:15:52:00 +0000] "GET /api/commande/ HTTP/1.1" 304 -
::1 - - [27/Jan/2022:15:52:00 +0000] "GET /api/commande/ HTTP/1.1" 304 -
::1 - - [27/Jan/2022:15:54:40 +0000] "GET /api/commande/ HTTP/1.1" 304 -
::1 - - [27/Jan/2022:15:54:40 +0000] "GET /api/commande/ HTTP/1.1" 304 -
::1 - - [27/Jan/2022:15:54:42 +0000] "GET /api/commande/ HTTP/1.1" 304 -
::1 - - [27/Jan/2022:15:54:42 +0000] "GET /api/commande/ HTTP/1.1" 304 -
::1 - - [27/Jan/2022:15:54:57 +0000] "GET /api/commande/ HTTP/1.1" 304 -
::1 - - [27/Jan/2022:15:54:57 +0000] "GET /api/commande/ HTTP/1.1" 304 -
::1 - - [27/Jan/2022:20:28:03 +0000] "GET /api/commande/ HTTP/1.1" 304 -
::1 - - [27/Jan/2022:20:28:03 +0000] "GET /api/commande/ HTTP/1.1" 304 -
::1 - - [27/Jan/2022:20:28:13 +0000] "GET /api/commande/ HTTP/1.1" 304 -
