::ffff:127.0.0.1 - - [27/Jan/2022:08:37:00 +0000] "GET /api/chauffeur/ HTTP/1.1" 200 2015
::1 - - [27/Jan/2022:08:55:30 +0000] "GET /api/chauffeur/ HTTP/1.1" 200 2015
::1 - - [27/Jan/2022:08:55:46 +0000] "GET /api/chauffeur/ HTTP/1.1" 304 -
::1 - - [27/Jan/2022:08:57:06 +0000] "GET /api/chauffeur/ HTTP/1.1" 304 -
::1 - - [27/Jan/2022:08:57:11 +0000] "GET /api/chauffeur/ HTTP/1.1" 304 -
::1 - - [27/Jan/2022:08:57:21 +0000] "GET /api/chauffeur/ HTTP/1.1" 304 -
::1 - - [27/Jan/2022:08:57:26 +0000] "GET /api/chauffeur/ HTTP/1.1" 304 -
::1 - - [27/Jan/2022:08:57:32 +0000] "GET /api/chauffeur/ HTTP/1.1" 304 -
::1 - - [27/Jan/2022:08:57:39 +0000] "GET /api/chauffeur/ HTTP/1.1" 304 -
::1 - - [27/Jan/2022:08:57:51 +0000] "GET /api/chauffeur/ HTTP/1.1" 304 -
::1 - - [27/Jan/2022:08:58:07 +0000] "GET /api/chauffeur/ HTTP/1.1" 304 -
::1 - - [27/Jan/2022:08:58:08 +0000] "GET /api/chauffeur/ HTTP/1.1" 304 -
::1 - - [27/Jan/2022:08:58:12 +0000] "GET /api/chauffeur/ HTTP/1.1" 304 -
::1 - - [27/Jan/2022:08:58:21 +0000] "GET /api/chauffeur/ HTTP/1.1" 304 -
::1 - - [27/Jan/2022:08:58:40 +0000] "GET /api/chauffeur/ HTTP/1.1" 304 -
::1 - - [27/Jan/2022:08:58:48 +0000] "GET /api/chauffeur/ HTTP/1.1" 304 -
::1 - - [27/Jan/2022:08:58:57 +0000] "GET /api/chauffeur/ HTTP/1.1" 304 -
::1 - - [27/Jan/2022:08:59:29 +0000] "GET /api/chauffeur/ HTTP/1.1" 304 -
::1 - - [27/Jan/2022:08:59:37 +0000] "GET /api/chauffeur/ HTTP/1.1" 304 -
::1 - - [27/Jan/2022:08:59:49 +0000] "GET /api/chauffeur/ HTTP/1.1" 304 -
::1 - - [27/Jan/2022:09:00:25 +0000] "GET /api/chauffeur/ HTTP/1.1" 304 -
::1 - - [27/Jan/2022:09:00:46 +0000] "GET /api/chauffeur/ HTTP/1.1" 304 -
::1 - - [27/Jan/2022:09:00:57 +0000] "GET /api/chauffeur/ HTTP/1.1" 304 -
::1 - - [27/Jan/2022:09:01:54 +0000] "GET /api/chauffeur/ HTTP/1.1" 304 -
::1 - - [27/Jan/2022:09:02:08 +0000] "GET /api/chauffeur/ HTTP/1.1" 304 -
::1 - - [27/Jan/2022:09:10:50 +0000] "GET /api/chauffeur/ HTTP/1.1" 304 -
::1 - - [27/Jan/2022:09:12:00 +0000] "GET /api/chauffeur/ HTTP/1.1" 304 -
::1 - - [27/Jan/2022:09:12:09 +0000] "GET /api/chauffeur/ HTTP/1.1" 304 -
::1 - - [27/Jan/2022:09:12:10 +0000] "GET /api/chauffeur/ HTTP/1.1" 304 -
::1 - - [27/Jan/2022:09:12:15 +0000] "GET /api/chauffeur/ HTTP/1.1" 304 -
::1 - - [27/Jan/2022:09:13:32 +0000] "GET /api/chauffeur/ HTTP/1.1" 304 -
::1 - - [27/Jan/2022:09:13:55 +0000] "GET /api/camion/ HTTP/1.1" 200 1227
::1 - - [27/Jan/2022:09:14:30 +0000] "GET /api/camion/ HTTP/1.1" 304 -
::1 - - [27/Jan/2022:09:14:34 +0000] "GET /api/chauffeur/ HTTP/1.1" 304 -
::1 - - [27/Jan/2022:09:14:52 +0000] "GET /api/chauffeur/ HTTP/1.1" 304 -
::1 - - [27/Jan/2022:09:15:37 +0000] "GET /api/camion/ HTTP/1.1" 304 -
::1 - - [27/Jan/2022:09:16:18 +0000] "GET /api/chauffeur/ HTTP/1.1" 304 -
::1 - - [27/Jan/2022:10:04:44 +0000] "GET /api/camion/ HTTP/1.1" 304 -
::1 - - [27/Jan/2022:10:04:59 +0000] "GET /api/camion/ HTTP/1.1" 304 -
::1 - - [27/Jan/2022:10:05:15 +0000] "GET /api/camion/ HTTP/1.1" 304 -
::1 - - [27/Jan/2022:10:05:20 +0000] "GET /api/camion/ HTTP/1.1" 304 -
::1 - - [27/Jan/2022:10:05:30 +0000] "GET /api/camion/ HTTP/1.1" 304 -
::1 - - [27/Jan/2022:10:05:42 +0000] "GET /api/camion/ HTTP/1.1" 304 -
::1 - - [27/Jan/2022:10:06:48 +0000] "GET /api/chauffeur/ HTTP/1.1" 304 -
::1 - - [27/Jan/2022:10:06:54 +0000] "GET /api/chauffeur/ HTTP/1.1" 304 -
::1 - - [27/Jan/2022:10:06:59 +0000] "GET /api/chauffeur/ HTTP/1.1" 304 -
::1 - - [27/Jan/2022:10:07:02 +0000] "GET /api/chauffeur/ HTTP/1.1" 304 -
::1 - - [27/Jan/2022:10:07:05 +0000] "GET /api/chauffeur/ HTTP/1.1" 304 -
::1 - - [27/Jan/2022:10:07:16 +0000] "GET /api/chauffeur/ HTTP/1.1" 304 -
::1 - - [27/Jan/2022:10:07:19 +0000] "GET /api/chauffeur/ HTTP/1.1" 304 -
::1 - - [27/Jan/2022:10:07:27 +0000] "GET /api/chauffeur/ HTTP/1.1" 304 -
::1 - - [27/Jan/2022:10:07:35 +0000] "GET /api/chauffeur/ HTTP/1.1" 304 -
::1 - - [27/Jan/2022:10:12:49 +0000] "GET /api/chauffeur/ HTTP/1.1" 304 -
::1 - - [27/Jan/2022:10:24:36 +0000] "GET /api/camion/ HTTP/1.1" 304 -
::1 - - [27/Jan/2022:10:24:37 +0000] "GET /api/camion/ HTTP/1.1" 304 -
::1 - - [27/Jan/2022:10:30:13 +0000] "GET /api/chauffeur/ HTTP/1.1" 304 -
::1 - - [27/Jan/2022:10:30:23 +0000] "GET /api/camion/ HTTP/1.1" 304 -
::1 - - [27/Jan/2022:10:30:26 +0000] "GET /api/camion/ HTTP/1.1" 304 -
::1 - - [27/Jan/2022:10:30:52 +0000] "GET /api/chauffeur/ HTTP/1.1" 304 -
::1 - - [27/Jan/2022:10:30:54 +0000] "GET /api/camion/ HTTP/1.1" 304 -
::1 - - [27/Jan/2022:10:39:49 +0000] "GET /api/chauffeur/ HTTP/1.1" 304 -
::1 - - [27/Jan/2022:10:39:49 +0000] "GET /api/chauffeur/ HTTP/1.1" 304 -
::1 - - [27/Jan/2022:10:40:06 +0000] "GET /api/chauffeur/ HTTP/1.1" 304 -
::1 - - [27/Jan/2022:10:40:06 +0000] "GET /api/chauffeur/ HTTP/1.1" 304 -
::1 - - [27/Jan/2022:10:40:20 +0000] "GET /api/chauffeur/ HTTP/1.1" 304 -
::1 - - [27/Jan/2022:10:40:20 +0000] "GET /api/chauffeur/ HTTP/1.1" 304 -
::1 - - [27/Jan/2022:10:40:57 +0000] "GET /api/chauffeur/ HTTP/1.1" 304 -
::1 - - [27/Jan/2022:10:40:57 +0000] "GET /api/chauffeur/ HTTP/1.1" 304 -
::1 - - [27/Jan/2022:10:41:36 +0000] "GET /api/chauffeur/ HTTP/1.1" 304 -
::1 - - [27/Jan/2022:10:41:36 +0000] "GET /api/chauffeur/ HTTP/1.1" 304 -
::1 - - [27/Jan/2022:10:42:07 +0000] "GET /api/chauffeur/ HTTP/1.1" 304 -
::1 - - [27/Jan/2022:10:42:07 +0000] "GET /api/chauffeur/ HTTP/1.1" 304 -
::1 - - [27/Jan/2022:10:42:20 +0000] "GET /api/chauffeur/ HTTP/1.1" 304 -
::1 - - [27/Jan/2022:10:42:22 +0000] "GET /api/chauffeur/ HTTP/1.1" 304 -
::1 - - [27/Jan/2022:10:42:22 +0000] "GET /api/chauffeur/ HTTP/1.1" 304 -
::1 - - [27/Jan/2022:10:42:26 +0000] "GET /api/chauffeur/ HTTP/1.1" 304 -
::1 - - [27/Jan/2022:10:42:26 +0000] "GET /api/chauffeur/ HTTP/1.1" 304 -
::1 - - [27/Jan/2022:10:42:35 +0000] "GET /api/chauffeur/ HTTP/1.1" 304 -
::1 - - [27/Jan/2022:10:42:35 +0000] "GET /api/chauffeur/ HTTP/1.1" 304 -
::1 - - [27/Jan/2022:10:43:03 +0000] "GET /api/chauffeur/ HTTP/1.1" 304 -
::1 - - [27/Jan/2022:10:43:03 +0000] "GET /api/chauffeur/ HTTP/1.1" 304 -
::1 - - [27/Jan/2022:10:43:09 +0000] "GET /api/chauffeur/ HTTP/1.1" 304 -
::1 - - [27/Jan/2022:10:43:09 +0000] "GET /api/chauffeur/ HTTP/1.1" 304 -
::1 - - [27/Jan/2022:10:54:42 +0000] "GET /api/chauffeur/ HTTP/1.1" 304 -
::1 - - [27/Jan/2022:10:54:42 +0000] "GET /api/chauffeur/ HTTP/1.1" 304 -
::1 - - [27/Jan/2022:10:54:54 +0000] "GET /api/chauffeur/ HTTP/1.1" 304 -
::1 - - [27/Jan/2022:10:54:56 +0000] "GET /api/chauffeur/ HTTP/1.1" 304 -
::1 - - [27/Jan/2022:10:54:56 +0000] "GET /api/chauffeur/ HTTP/1.1" 304 -
::1 - - [27/Jan/2022:11:00:04 +0000] "GET /api/chauffeur/ HTTP/1.1" 304 -
::1 - - [27/Jan/2022:11:00:09 +0000] "GET /api/camion/ HTTP/1.1" 304 -
::1 - - [27/Jan/2022:11:00:12 +0000] "GET /api/camion/ HTTP/1.1" 304 -
::1 - - [27/Jan/2022:11:00:24 +0000] "GET /api/camion/ HTTP/1.1" 304 -
::1 - - [27/Jan/2022:12:55:19 +0000] "GET /api/chauffeur/ HTTP/1.1" 304 -
::1 - - [27/Jan/2022:12:55:19 +0000] "GET /api/chauffeur/ HTTP/1.1" 304 -
::1 - - [27/Jan/2022:13:12:59 +0000] "GET /api/chauffeur/ HTTP/1.1" 304 -
::1 - - [27/Jan/2022:13:13:05 +0000] "GET /api/chauffeur/ HTTP/1.1" 304 -
::1 - - [27/Jan/2022:13:13:39 +0000] "GET /api/chauffeur/ HTTP/1.1" 304 -
::1 - - [27/Jan/2022:13:17:19 +0000] "GET /api/chauffeur/ HTTP/1.1" 304 -
::1 - - [27/Jan/2022:13:17:19 +0000] "GET /api/chauffeur/ HTTP/1.1" 304 -
::1 - - [27/Jan/2022:13:21:31 +0000] "GET /api/chauffeur/ HTTP/1.1" 304 -
::1 - - [27/Jan/2022:13:21:31 +0000] "GET /api/chauffeur/ HTTP/1.1" 304 -
::1 - - [27/Jan/2022:13:30:12 +0000] "GET /api/chauffeur/ HTTP/1.1" 304 -
::1 - - [27/Jan/2022:13:31:09 +0000] "GET /api/chauffeur/ HTTP/1.1" 304 -
::1 - - [27/Jan/2022:13:31:10 +0000] "GET /api/chauffeur/ HTTP/1.1" 304 -
::1 - - [27/Jan/2022:13:31:10 +0000] "GET /api/chauffeur/ HTTP/1.1" 304 -
::1 - - [27/Jan/2022:13:31:11 +0000] "GET /api/chauffeur/ HTTP/1.1" 304 -
::1 - - [27/Jan/2022:13:31:37 +0000] "GET /api/chauffeur/ HTTP/1.1" 304 -
::1 - - [27/Jan/2022:13:33:44 +0000] "GET /api/chauffeur/ HTTP/1.1" 304 -
::1 - - [27/Jan/2022:13:33:56 +0000] "GET /api/chauffeur/ HTTP/1.1" 304 -
::1 - - [27/Jan/2022:13:34:23 +0000] "GET /api/chauffeur/ HTTP/1.1" 304 -
::1 - - [27/Jan/2022:13:34:23 +0000] "GET /api/chauffeur/ HTTP/1.1" 304 -
::1 - - [27/Jan/2022:13:34:29 +0000] "GET /api/chauffeur/ HTTP/1.1" 304 -
::1 - - [27/Jan/2022:13:34:43 +0000] "GET /api/chauffeur/ HTTP/1.1" 304 -
::1 - - [27/Jan/2022:13:34:43 +0000] "GET /api/chauffeur/ HTTP/1.1" 304 -
::1 - - [27/Jan/2022:13:36:40 +0000] "GET /api/chauffeur/ HTTP/1.1" 304 -
::1 - - [27/Jan/2022:13:36:40 +0000] "GET /api/chauffeur/ HTTP/1.1" 304 -
::1 - - [27/Jan/2022:13:37:17 +0000] "GET /api/chauffeur/ HTTP/1.1" 304 -
::1 - - [27/Jan/2022:13:37:17 +0000] "GET /api/chauffeur/ HTTP/1.1" 304 -
::1 - - [27/Jan/2022:13:37:56 +0000] "GET /api/chauffeur/ HTTP/1.1" 304 -
::1 - - [27/Jan/2022:13:38:45 +0000] "GET /api/chauffeur/ HTTP/1.1" 304 -
::1 - - [27/Jan/2022:13:38:45 +0000] "GET /api/chauffeur/ HTTP/1.1" 304 -
::1 - - [27/Jan/2022:13:54:08 +0000] "GET /api/chauffeur/ HTTP/1.1" 304 -
::1 - - [27/Jan/2022:13:54:08 +0000] "GET /api/chauffeur/ HTTP/1.1" 304 -
::1 - - [27/Jan/2022:13:59:12 +0000] "GET /api/chauffeur/ HTTP/1.1" 304 -
::1 - - [27/Jan/2022:13:59:12 +0000] "GET /api/chauffeur/ HTTP/1.1" 304 -
::1 - - [27/Jan/2022:13:59:13 +0000] "GET /api/chauffeur/ HTTP/1.1" 304 -
::1 - - [27/Jan/2022:13:59:13 +0000] "GET /api/chauffeur/ HTTP/1.1" 304 -
::1 - - [27/Jan/2022:14:11:46 +0000] "GET /api/chauffeur/ HTTP/1.1" 304 -
::1 - - [27/Jan/2022:14:11:46 +0000] "GET /api/chauffeur/ HTTP/1.1" 304 -
::1 - - [27/Jan/2022:14:13:24 +0000] "GET /api/chauffeur/ HTTP/1.1" 304 -
::1 - - [27/Jan/2022:14:13:24 +0000] "GET /api/chauffeur/ HTTP/1.1" 304 -
::1 - - [27/Jan/2022:14:14:06 +0000] "GET /api/chauffeur/ HTTP/1.1" 304 -
::1 - - [27/Jan/2022:14:14:06 +0000] "GET /api/chauffeur/ HTTP/1.1" 304 -
::1 - - [27/Jan/2022:14:14:23 +0000] "GET /api/chauffeur/ HTTP/1.1" 304 -
::1 - - [27/Jan/2022:14:14:23 +0000] "GET /api/chauffeur/ HTTP/1.1" 304 -
::1 - - [27/Jan/2022:14:15:46 +0000] "GET /api/chauffeur/ HTTP/1.1" 304 -
::1 - - [27/Jan/2022:14:15:46 +0000] "GET /api/chauffeur/ HTTP/1.1" 304 -
::1 - - [27/Jan/2022:14:16:24 +0000] "GET /api/chauffeur/ HTTP/1.1" 304 -
::1 - - [27/Jan/2022:14:16:24 +0000] "GET /api/chauffeur/ HTTP/1.1" 304 -
::1 - - [27/Jan/2022:14:17:31 +0000] "GET /api/chauffeur/ HTTP/1.1" 304 -
::1 - - [27/Jan/2022:14:17:31 +0000] "GET /api/chauffeur/ HTTP/1.1" 304 -
::1 - - [27/Jan/2022:14:23:34 +0000] "GET /api/chauffeur/ HTTP/1.1" 304 -
::1 - - [27/Jan/2022:14:23:34 +0000] "GET /api/chauffeur/ HTTP/1.1" 304 -
::1 - - [27/Jan/2022:15:15:29 +0000] "GET /api/chauffeur/ HTTP/1.1" 304 -
::1 - - [27/Jan/2022:15:15:29 +0000] "GET /api/chauffeur/ HTTP/1.1" 304 -
::1 - - [27/Jan/2022:15:16:59 +0000] "GET /api/chauffeur/ HTTP/1.1" 304 -
::1 - - [27/Jan/2022:15:16:59 +0000] "GET /api/chauffeur/ HTTP/1.1" 304 -
::1 - - [27/Jan/2022:15:18:42 +0000] "GET /api/chauffeur/ HTTP/1.1" 304 -
::1 - - [27/Jan/2022:15:18:42 +0000] "GET /api/chauffeur/ HTTP/1.1" 304 -
::1 - - [27/Jan/2022:15:23:23 +0000] "GET /api/chauffeur/ HTTP/1.1" 304 -
::1 - - [27/Jan/2022:15:23:23 +0000] "GET /api/chauffeur/ HTTP/1.1" 304 -
::1 - - [27/Jan/2022:15:26:57 +0000] "GET /api/chauffeur/ HTTP/1.1" 304 -
::1 - - [27/Jan/2022:15:27:01 +0000] "GET /api/camion/ HTTP/1.1" 304 -
::1 - - [27/Jan/2022:15:27:04 +0000] "GET /api/chauffeur/ HTTP/1.1" 304 -
::1 - - [27/Jan/2022:15:27:04 +0000] "GET /api/chauffeur/ HTTP/1.1" 304 -
::1 - - [27/Jan/2022:15:27:09 +0000] "GET /api/chauffeur/ HTTP/1.1" 304 -
::1 - - [27/Jan/2022:15:27:11 +0000] "GET /api/chauffeur/ HTTP/1.1" 304 -
::1 - - [27/Jan/2022:15:27:11 +0000] "GET /api/chauffeur/ HTTP/1.1" 304 -
::1 - - [27/Jan/2022:15:27:23 +0000] "GET /api/chauffeur/ HTTP/1.1" 304 -
::1 - - [27/Jan/2022:15:30:27 +0000] "GET /api/chauffeur/ HTTP/1.1" 304 -
::1 - - [27/Jan/2022:15:30:27 +0000] "GET /api/chauffeur/ HTTP/1.1" 304 -
::1 - - [27/Jan/2022:15:30:53 +0000] "GET /api/chauffeur/ HTTP/1.1" 304 -
::1 - - [27/Jan/2022:15:30:53 +0000] "GET /api/chauffeur/ HTTP/1.1" 304 -
::1 - - [27/Jan/2022:15:32:05 +0000] "GET /api/chauffeur/ HTTP/1.1" 304 -
::1 - - [27/Jan/2022:15:32:05 +0000] "GET /api/chauffeur/ HTTP/1.1" 304 -
::1 - - [27/Jan/2022:15:34:02 +0000] "GET /api/chauffeur/ HTTP/1.1" 304 -
::1 - - [27/Jan/2022:15:34:02 +0000] "GET /api/chauffeur/ HTTP/1.1" 304 -
::1 - - [27/Jan/2022:15:34:46 +0000] "GET /api/chauffeur/ HTTP/1.1" 304 -
::1 - - [27/Jan/2022:15:34:46 +0000] "GET /api/chauffeur/ HTTP/1.1" 304 -
::1 - - [27/Jan/2022:15:42:27 +0000] "GET /api/chauffeur/ HTTP/1.1" 304 -
::1 - - [27/Jan/2022:15:47:54 +0000] "GET /api/chauffeur/ HTTP/1.1" 304 -
::1 - - [27/Jan/2022:15:47:54 +0000] "GET /api/chauffeur/ HTTP/1.1" 304 -
::1 - - [27/Jan/2022:15:50:22 +0000] "GET /api/chauffeur/ HTTP/1.1" 304 -
::1 - - [27/Jan/2022:15:50:22 +0000] "GET /api/chauffeur/ HTTP/1.1" 304 -
::1 - - [27/Jan/2022:15:52:00 +0000] "GET /api/chauffeur/ HTTP/1.1" 304 -
::1 - - [27/Jan/2022:15:52:00 +0000] "GET /api/chauffeur/ HTTP/1.1" 304 -
::1 - - [27/Jan/2022:15:54:40 +0000] "GET /api/chauffeur/ HTTP/1.1" 304 -
::1 - - [27/Jan/2022:15:54:40 +0000] "GET /api/chauffeur/ HTTP/1.1" 304 -
::1 - - [27/Jan/2022:15:54:42 +0000] "GET /api/chauffeur/ HTTP/1.1" 304 -
::1 - - [27/Jan/2022:15:54:42 +0000] "GET /api/chauffeur/ HTTP/1.1" 304 -
::1 - - [27/Jan/2022:15:54:57 +0000] "GET /api/chauffeur/ HTTP/1.1" 304 -
::1 - - [27/Jan/2022:15:54:57 +0000] "GET /api/chauffeur/ HTTP/1.1" 304 -
::1 - - [27/Jan/2022:20:28:03 +0000] "GET /api/chauffeur/ HTTP/1.1" 304 -
::1 - - [27/Jan/2022:20:28:03 +0000] "GET /api/chauffeur/ HTTP/1.1" 304 -
::1 - - [27/Jan/2022:20:28:14 +0000] "GET /api/chauffeur/ HTTP/1.1" 304 -
